Number of ones in y_train: 1948, size of y_train: torch.Size([3912])
Number of ones in y_val: 596, size of y_val: torch.Size([1124])
Traceback (most recent call last):
  File "C:\Users\madsl\AppData\Local\Programs\Python\Python311\Lib\site-packages\wandb\sdk\wandb_config.py", line 162, in __getattr__
    return self.__getitem__(key)
           ^^^^^^^^^^^^^^^^^^^^^
  File "C:\Users\madsl\AppData\Local\Programs\Python\Python311\Lib\site-packages\wandb\sdk\wandb_config.py", line 130, in __getitem__
    return self._items[key]
           ~~~~~~~~~~~^^^^^
KeyError: 'dropout_p'
The above exception was the direct cause of the following exception:
Traceback (most recent call last):
  File "C:\Users\madsl\Dropbox\AAU\EIT 8. sem\Deep Learning\miniproject\825_Deep_learning_miniproject\Neural_network.py", line 140, in train
    model = BinaryClassifier(input_size=768, dropout_p=config.dropout_p)
                                                       ^^^^^^^^^^^^^^^^
  File "C:\Users\madsl\AppData\Local\Programs\Python\Python311\Lib\site-packages\wandb\sdk\wandb_config.py", line 164, in __getattr__
    raise AttributeError(
AttributeError: <class 'wandb.sdk.wandb_config.Config'> object has no attribute 'dropout_p'